<?xml version="1.0" encoding="UTF-8"?>
<!-- Generated by org.testng.reporters.JUnitXMLReporter -->
<testsuite hostname="EPUAKHAW0030" ignored="0" tests="2" failures="1" timestamp="2021-03-16T00:13:44 EET" time="0.031" errors="0">
  <testcase name="test1" time="0.0" classname="Test"/>
  <testcase name="test2" time="0.0" classname="Test">
    <failure type="java.lang.AssertionError" message="expected [false] but found [true]">
      <![CDATA[java.lang.AssertionError: expected [false] but found [true]
at Test.test2(Test.java:11)
at java.util.ArrayList.forEach(ArrayList.java:1259)
... Removed 40 stack frames]]>
    </failure>
  </testcase> <!-- test2 -->
</testsuite>
